<?xml version="1.0" encoding="UTF-8"?>
<!-- Generated by org.testng.reporters.JUnitXMLReporter -->
<testsuite ignored="0" hostname="DESKTOP-VG688VM" failures="0" tests="6" name="Default test" time="15.297" errors="0" timestamp="2024-12-27T13:44:37 IST">
  <testcase classname="api.test.DataDrivenTests" name="testPostUser" time="4.975"/>
  <testcase classname="api.test.DataDrivenTests" name="testPostUser" time="2.091"/>
  <testcase classname="api.test.DataDrivenTests" name="testPostUser" time="1.251"/>
  <testcase classname="api.test.DataDrivenTests" name="TestDeleteUserByName" time="1.408"/>
  <testcase classname="api.test.DataDrivenTests" name="TestDeleteUserByName" time="1.46"/>
  <testcase classname="api.test.DataDrivenTests" name="TestDeleteUserByName" time="1.396"/>
</testsuite> <!-- Default test -->
