<?xml version="1.0" encoding="UTF-8"?>
<!-- Generated by org.testng.reporters.JUnitXMLReporter -->
<testsuite ignored="0" hostname="DESKTOP-VG688VM" failures="0" tests="4" name="Test" time="10.754" errors="0" timestamp="2024-12-28T01:21:55 IST">
  <testcase classname="api.test.UserTests2" name="testPostUser" time="4.408"/>
  <testcase classname="api.test.UserTests2" name="testGetUserByName" time="1.157"/>
  <testcase classname="api.test.UserTests2" name="testUpdateUserByName" time="2.204"/>
  <testcase classname="api.test.UserTests2" name="TestDeleteUserByName" time="1.11"/>
</testsuite> <!-- Test -->
