<?xml version="1.0" encoding="UTF-8"?>
<testng-results ignored="0" total="4" passed="4" failed="0" skipped="0">
  <reporter-output>
  </reporter-output>
  <suite started-at="2024-12-28T01:21:44 IST" name="Suite" finished-at="2024-12-28T01:21:55 IST" duration-ms="10754">
    <groups>
    </groups>
    <test started-at="2024-12-28T01:21:44 IST" name="Test" finished-at="2024-12-28T01:21:55 IST" duration-ms="10754">
      <class name="api.test.UserTests2">
        <test-method is-config="true" signature="setupData()[pri:0, instance:api.test.UserTests2@d554c5f]" started-at="2024-12-28T01:21:44 IST" name="setupData" finished-at="2024-12-28T01:21:46 IST" duration-ms="1516" status="PASS">
          <reporter-output>
          </reporter-output>
        </test-method> <!-- setupData -->
        <test-method signature="testPostUser()[pri:1, instance:api.test.UserTests2@d554c5f]" started-at="2024-12-28T01:21:46 IST" name="testPostUser" finished-at="2024-12-28T01:21:50 IST" duration-ms="4408" status="PASS">
          <reporter-output>
          </reporter-output>
        </test-method> <!-- testPostUser -->
        <test-method signature="testGetUserByName()[pri:2, instance:api.test.UserTests2@d554c5f]" started-at="2024-12-28T01:21:50 IST" name="testGetUserByName" finished-at="2024-12-28T01:21:51 IST" duration-ms="1157" status="PASS">
          <reporter-output>
          </reporter-output>
        </test-method> <!-- testGetUserByName -->
        <test-method signature="testUpdateUserByName()[pri:3, instance:api.test.UserTests2@d554c5f]" started-at="2024-12-28T01:21:51 IST" name="testUpdateUserByName" finished-at="2024-12-28T01:21:53 IST" duration-ms="2204" status="PASS">
          <reporter-output>
          </reporter-output>
        </test-method> <!-- testUpdateUserByName -->
        <test-method signature="TestDeleteUserByName()[pri:4, instance:api.test.UserTests2@d554c5f]" started-at="2024-12-28T01:21:53 IST" name="TestDeleteUserByName" finished-at="2024-12-28T01:21:55 IST" duration-ms="1110" status="PASS">
          <reporter-output>
          </reporter-output>
        </test-method> <!-- TestDeleteUserByName -->
      </class> <!-- api.test.UserTests2 -->
    </test> <!-- Test -->
  </suite> <!-- Suite -->
</testng-results>
